/*C1*/SET SCHEMA SYSTEM_LOBS
INSERT INTO BLOCKS VALUES(0,2147483647,0)
COMMIT
/*C2*/SET SCHEMA PUBLIC
create table attendance_record (id bigint not null, check_in varchar(255), check_out timestamp(6), employee_id bigint, primary key (id))
create table employee (id bigint not null, cpf varchar(255), name varchar(255), primary key (id))
create sequence attendance_record_seq start with 1 increment by 50
create sequence employee_seq start with 1 increment by 50
alter table attendance_record add constraint FKqxhkif1foccikm7e503t6gbfi foreign key (employee_id) references employee
INSERT INTO EMPLOYEE VALUES(1,'11111111111','Maria Fernanda de Andrade')
ALTER SEQUENCE PUBLIC.EMPLOYEE_SEQ RESTART WITH 51
COMMIT
INSERT INTO ATTENDANCE_RECORD VALUES(1,'14/03/2024 10:21',NULL,1)
ALTER SEQUENCE PUBLIC.ATTENDANCE_RECORD_SEQ RESTART WITH 51
COMMIT
INSERT INTO EMPLOYEE VALUES(2,'08443872314','Gustavo David Cesario')
ALTER SEQUENCE PUBLIC.EMPLOYEE_SEQ RESTART WITH 101
COMMIT
INSERT INTO ATTENDANCE_RECORD VALUES(2,'14/03/2024 10:21',NULL,2)
ALTER SEQUENCE PUBLIC.ATTENDANCE_RECORD_SEQ RESTART WITH 101
COMMIT
